\BOOKMARK [1][-]{section.1}{\376\377\000O\000b\000j\000e\000t\000i\000v\000o\000\040\000g\000e\000n\000e\000r\000a\000l}{}% 1
\BOOKMARK [1][-]{section.2}{\376\377\000I\000n\000t\000r\000o\000d\000u\000c\000c\000i\000\363\000n}{}% 2
\BOOKMARK [1][-]{section.3}{\376\377\000E\000l\000e\000m\000e\000n\000t\000o\000s\000\040\000d\000e\000\040\000u\000n\000\040\000A\000C}{}% 3
\BOOKMARK [2][-]{subsection.3.1}{\376\377\000U\000n\000\040\000e\000s\000p\000a\000c\000i\000o\000\040\000r\000e\000c\000t\000a\000n\000g\000u\000l\000a\000r}{section.3}% 4
\BOOKMARK [2][-]{subsection.3.2}{\376\377\000C\000o\000n\000j\000u\000n\000t\000o\000\040\000d\000e\000\040\000e\000s\000t\000a\000d\000o\000s}{section.3}% 5
\BOOKMARK [2][-]{subsection.3.3}{\376\377\000C\000o\000n\000f\000i\000g\000u\000r\000a\000c\000i\000\363\000n\000\040\000i\000n\000i\000c\000i\000a\000l\000\040\000o\000\040\000t\000i\000e\000m\000p\000o\000\040\0000}{section.3}% 6
\BOOKMARK [2][-]{subsection.3.4}{\376\377\000F\000u\000n\000c\000i\000\363\000n\000\040\000l\000o\000c\000a\000l\000\040\000o\000\040\000F\000u\000n\000c\000i\000\363\000n\000\040\000d\000e\000\040\000t\000r\000a\000n\000s\000i\000c\000i\000\363\000n\000\040\000l\000o\000c\000a\000l}{section.3}% 7
\BOOKMARK [1][-]{section.4}{\376\377\000C\000l\000a\000s\000i\000f\000i\000c\000a\000c\000i\000\363\000n\000\040\000d\000e\000\040\000l\000o\000s\000\040\000A\000u\000t\000\363\000m\000a\000t\000a\000s\000\040\000C\000e\000l\000u\000l\000a\000r\000e\000s}{}% 8
\BOOKMARK [2][-]{subsection.4.1}{\376\377\000C\000l\000a\000s\000e\000\040\000I}{section.4}% 9
\BOOKMARK [2][-]{subsection.4.2}{\376\377\000C\000l\000a\000s\000e\000\040\000I\000I}{section.4}% 10
\BOOKMARK [2][-]{subsection.4.3}{\376\377\000C\000l\000a\000s\000e\000\040\000I\000I\000I}{section.4}% 11
\BOOKMARK [2][-]{subsection.4.4}{\376\377\000C\000l\000a\000s\000e\000\040\000I\000V}{section.4}% 12
\BOOKMARK [1][-]{section.5}{\376\377\000L\000a\000\040\000H\000o\000r\000m\000i\000g\000a\000\040\000d\000e\000\040\000L\000a\000n\000g\000t\000o\000n}{}% 13
\BOOKMARK [2][-]{subsection.5.1}{\376\377\000L\000a\000s\000\040\000r\000e\000g\000l\000a\000s}{section.5}% 14
\BOOKMARK [1][-]{section.6}{\376\377\000P\000r\000o\000g\000r\000a\000m\000a}{}% 15
\BOOKMARK [2][-]{subsection.6.1}{\376\377\000D\000e\000s\000c\000r\000i\000p\000c\000i\000\363\000n}{section.6}% 16
\BOOKMARK [3][-]{subsubsection.6.1.1}{\376\377\000D\000e\000c\000e\000s\000o\000s\000\040\000p\000o\000r\000\040\000a\000i\000s\000l\000a\000m\000i\000e\000n\000t\000o}{subsection.6.1}% 17
\BOOKMARK [3][-]{subsubsection.6.1.2}{\376\377\000D\000e\000c\000e\000s\000o\000s\000\040\000p\000o\000r\000\040\000s\000o\000b\000r\000e\000p\000o\000b\000l\000a\000c\000i\000\363\000n}{subsection.6.1}% 18
\BOOKMARK [3][-]{subsubsection.6.1.3}{\376\377\000S\000i\000s\000t\000e\000m\000a\000\040\000e\000s\000t\000a\000b\000l\000e}{subsection.6.1}% 19
\BOOKMARK [2][-]{subsection.6.2}{\376\377\000C\000\363\000d\000i\000g\000o}{section.6}% 20
\BOOKMARK [3][-]{subsubsection.6.2.1}{\376\377\000m\000a\000i\000n\000.\000p\000y}{subsection.6.2}% 21
\BOOKMARK [1][-]{section.7}{\376\377\000C\000o\000n\000c\000l\000u\000s\000i\000o\000n\000e\000s}{}% 22
\BOOKMARK [1][-]{section*.13}{\376\377\000R\000e\000f\000e\000r\000e\000n\000c\000i\000a\000s}{}% 23
